observation space: Dict('ctrace': Box(-9223372036854775808, 9223372036854775807, (15, 750), int64), 'htrace': Box(-9223372036854775808, 9223372036854775807, (15, 750), int64), 'instruction': Box(-1, 15, (15,), int64), 'recovery_cycles': Box(-1, 2147483647, (15, 50), int64), 'transient_uops': Box(-1, 2147483647, (15, 50), int64))

INFO: [prog_gen] Setting program_generator_seed to random value: 28191

WARNING: [executor] SMT is on! You may experience false positives.

Sandbox Base Address and Code Base Address (base 10): (18404650425324974080, 18404650425314267136)

NUMBER OF STEPS: 1
True
adding step dec di
NUMBER OF SUCCESSFUL STEPS: 1

#=======================================================#
program: 

iteration 1 observations: 

INFO: [prog_gen] Setting program_generator_seed to random value: 260226

WARNING: [executor] SMT is on! You may experience false positives.
total instructions in program:  2
all instructions:  ['.macro.measurement_start: nop qword ptr [rax + 0xff]', 'dec di ']
traces_match *************** True

INFO: [fuzzer] Starting at 15:53:24

================================ Statistics ===================================

Test Cases: 1
Inputs per test case: 100.0
Violations: 0
Effectiveness: 
  Total Cls: 0.0
  Effective Cls: 0.0
Discarded Test Cases:
  Speculation Filter: 0
  Observation Filter: 1
  Fast Path: 0
  Max Nesting Check: 0
  Tainting Check: 0
  Early Priming Check: 0
  Large Sample Check: 0
  Priming Check: 0

Duration: 0.2
Finished at 15:53:24
misspec: False, reward: -30
observable: True, reward: 20
step penalty, reward: 19
reward: 19
#=======================================================#
NUMBER OF STEPS: 2
True
adding step and rdx, 0b1111111111000
NUMBER OF SUCCESSFUL STEPS: 2

#=======================================================#
program: 

iteration 1 observations: 

INFO: [prog_gen] Setting program_generator_seed to random value: 235524

WARNING: [executor] SMT is on! You may experience false positives.
total instructions in program:  3
all instructions:  ['.macro.measurement_start: nop qword ptr [rax + 0xff]', 'dec di ', 'and rdx, 0b1111111111000 # instrumentation']
traces_match *************** True

INFO: [fuzzer] Starting at 15:53:26
1     ( 1%)| Stats: Cls:0/0,In:100,R:41,SF:0,OF:1,Fst:0,CN:0,CT:0,P1:0,CS:0,P2:0,V:0
================================ Statistics ===================================

Test Cases: 2
Inputs per test case: 100.0
Violations: 0
Effectiveness: 
  Total Cls: 0.0
  Effective Cls: 0.0
Discarded Test Cases:
  Speculation Filter: 0
  Observation Filter: 2
  Fast Path: 0
  Max Nesting Check: 0
  Tainting Check: 0
  Early Priming Check: 0
  Large Sample Check: 0
  Priming Check: 0

Duration: 0.2
Finished at 15:53:26
misspec: False, reward: -30
observable: True, reward: 20
step penalty, reward: 19
reward: 19
#=======================================================#
NUMBER OF STEPS: 3
True
adding step or [r14 + rdx], 0b1000
NUMBER OF SUCCESSFUL STEPS: 3

#=======================================================#
program: 

iteration 1 observations: 

INFO: [prog_gen] Setting program_generator_seed to random value: 993971

WARNING: [executor] SMT is on! You may experience false positives.
total instructions in program:  4
all instructions:  ['.macro.measurement_start: nop qword ptr [rax + 0xff]', 'dec di ', 'and rdx, 0b1111111111000 # instrumentation', 'or word ptr [r14 + rdx], 0b1000 # instrumentation']
traces_match *************** True

INFO: [fuzzer] Starting at 15:53:27
2     ( 1%)| Stats: Cls:0/0,In:100,R:33,SF:0,OF:2,Fst:0,CN:0,CT:0,P1:0,CS:0,P2:0,V:0
================================ Statistics ===================================

Test Cases: 3
Inputs per test case: 100.0
Violations: 0
Effectiveness: 
  Total Cls: 0.0
  Effective Cls: 0.0
Discarded Test Cases:
  Speculation Filter: 0
  Observation Filter: 3
  Fast Path: 0
  Max Nesting Check: 0
  Tainting Check: 0
  Early Priming Check: 0
  Large Sample Check: 0
  Priming Check: 0

Duration: 0.2
Finished at 15:53:28
misspec: False, reward: -30
observable: True, reward: 20
step penalty, reward: 19
reward: 19
#=======================================================#
NUMBER OF STEPS: 4
WARNING: [generator]Error appeared while assembling the test case:
 Assembler messages:
  Line 9: Warning: 0x0000000000001ff8 shortened to 0x00000000000000f8
    (the line was parsed as and byte ptr [r14 + rdx], 0b1111111111000 # instrumentation)
True
adding step and [r14 + rdx], 0b1111111111000
NUMBER OF SUCCESSFUL STEPS: 4

#=======================================================#
program: 

iteration 1 observations: 

INFO: [prog_gen] Setting program_generator_seed to random value: 979193

WARNING: [executor] SMT is on! You may experience false positives.
total instructions in program:  5
all instructions:  ['.macro.measurement_start: nop qword ptr [rax + 0xff]', 'dec di ', 'and rdx, 0b1111111111000 # instrumentation', 'or word ptr [r14 + rdx], 0b1000 # instrumentation', 'and byte ptr [r14 + rdx], 0b1111111111000 # instrumentation']
WARNING: [generator]Error appeared while assembling the test case:
 Assembler messages:
  Line 9: Warning: 0x0000000000001ff8 shortened to 0x00000000000000f8
    (the line was parsed as and byte ptr [r14 + rdx], 0b1111111111000 # instrumentation)
WARNING: [generator]Error appeared while assembling the test case:
 Assembler messages:
  Line 13: Warning: 0x0000000000001ff8 shortened to 0x00000000000000f8
    (the line was parsed as and byte ptr [r14 + rdx], 0b1111111111000 # instrumentation)
traces_match *************** True

INFO: [fuzzer] Starting at 15:53:29
3     ( 1%)| Stats: Cls:0/0,In:100,R:30,SF:0,OF:3,Fst:0,CN:0,CT:0,P1:0,CS:0,P2:0,V:0WARNING: [generator]Error appeared while assembling the test case:
 Assembler messages:
  Line 9: Warning: 0x0000000000001ff8 shortened to 0x00000000000000f8
    (the line was parsed as and byte ptr [r14 + rdx], 0b1111111111000 # instrumentation)
WARNING: [generator]Error appeared while assembling the test case:
 Assembler messages:
  Line 13: Warning: 0x0000000000001ff8 shortened to 0x00000000000000f8
    (the line was parsed as and byte ptr [r14 + rdx], 0b1111111111000 # instrumentation)

================================ Statistics ===================================

Test Cases: 4
Inputs per test case: 100.0
Violations: 0
Effectiveness: 
  Total Cls: 0.0
  Effective Cls: 0.0
Discarded Test Cases:
  Speculation Filter: 0
  Observation Filter: 4
  Fast Path: 0
  Max Nesting Check: 0
  Tainting Check: 0
  Early Priming Check: 0
  Large Sample Check: 0
  Priming Check: 0

Duration: 0.2
Finished at 15:53:30
misspec: False, reward: -30
observable: True, reward: 20
step penalty, reward: 19
reward: 19
#=======================================================#
NUMBER OF STEPS: 5
WARNING: [generator]Error appeared while assembling the test case:
 Assembler messages:
  Line 9: Warning: 0x0000000000001ff8 shortened to 0x00000000000000f8
    (the line was parsed as and byte ptr [r14 + rdx], 0b1111111111000 # instrumentation)
True
adding step and rbx, 0b1111111111000
NUMBER OF SUCCESSFUL STEPS: 5

#=======================================================#
program: 

iteration 1 observations: 

INFO: [prog_gen] Setting program_generator_seed to random value: 202161

WARNING: [executor] SMT is on! You may experience false positives.
total instructions in program:  6
all instructions:  ['.macro.measurement_start: nop qword ptr [rax + 0xff]', 'dec di ', 'and rdx, 0b1111111111000 # instrumentation', 'or word ptr [r14 + rdx], 0b1000 # instrumentation', 'and byte ptr [r14 + rdx], 0b1111111111000 # instrumentation', 'and rbx, 0b1111111111000 # instrumentation']
WARNING: [generator]Error appeared while assembling the test case:
 Assembler messages:
  Line 9: Warning: 0x0000000000001ff8 shortened to 0x00000000000000f8
    (the line was parsed as and byte ptr [r14 + rdx], 0b1111111111000 # instrumentation)
WARNING: [generator]Error appeared while assembling the test case:
 Assembler messages:
  Line 13: Warning: 0x0000000000001ff8 shortened to 0x00000000000000f8
    (the line was parsed as and byte ptr [r14 + rdx], 0b1111111111000 # instrumentation)
traces_match *************** True

INFO: [fuzzer] Starting at 15:53:31
4     ( 1%)| Stats: Cls:0/0,In:100,R:29,SF:0,OF:4,Fst:0,CN:0,CT:0,P1:0,CS:0,P2:0,V:0WARNING: [generator]Error appeared while assembling the test case:
 Assembler messages:
  Line 9: Warning: 0x0000000000001ff8 shortened to 0x00000000000000f8
    (the line was parsed as and byte ptr [r14 + rdx], 0b1111111111000 # instrumentation)
WARNING: [generator]Error appeared while assembling the test case:
 Assembler messages:
  Line 13: Warning: 0x0000000000001ff8 shortened to 0x00000000000000f8
    (the line was parsed as and byte ptr [r14 + rdx], 0b1111111111000 # instrumentation)

================================ Statistics ===================================

Test Cases: 5
Inputs per test case: 100.0
Violations: 0
Effectiveness: 
  Total Cls: 0.0
  Effective Cls: 0.0
Discarded Test Cases:
  Speculation Filter: 0
  Observation Filter: 5
  Fast Path: 0
  Max Nesting Check: 0
  Tainting Check: 0
  Early Priming Check: 0
  Large Sample Check: 0
  Priming Check: 0

Duration: 0.2
Finished at 15:53:31
misspec: False, reward: -30
observable: True, reward: 20
step penalty, reward: 19
reward: 19
#=======================================================#
NUMBER OF STEPS: 6
WARNING: [generator]Error appeared while assembling the test case:
 Assembler messages:
  Line 9: Warning: 0x0000000000001ff8 shortened to 0x00000000000000f8
    (the line was parsed as and byte ptr [r14 + rdx], 0b1111111111000 # instrumentation)
True
adding step and rax, 0b1111111111000
NUMBER OF SUCCESSFUL STEPS: 6

#=======================================================#
program: 

iteration 1 observations: 

INFO: [prog_gen] Setting program_generator_seed to random value: 32015

WARNING: [executor] SMT is on! You may experience false positives.
total instructions in program:  7
all instructions:  ['.macro.measurement_start: nop qword ptr [rax + 0xff]', 'dec di ', 'and rdx, 0b1111111111000 # instrumentation', 'or word ptr [r14 + rdx], 0b1000 # instrumentation', 'and byte ptr [r14 + rdx], 0b1111111111000 # instrumentation', 'and rbx, 0b1111111111000 # instrumentation', 'and rax, 0b1111111111000 # instrumentation']
WARNING: [generator]Error appeared while assembling the test case:
 Assembler messages:
  Line 9: Warning: 0x0000000000001ff8 shortened to 0x00000000000000f8
    (the line was parsed as and byte ptr [r14 + rdx], 0b1111111111000 # instrumentation)
WARNING: [generator]Error appeared while assembling the test case:
 Assembler messages:
  Line 13: Warning: 0x0000000000001ff8 shortened to 0x00000000000000f8
    (the line was parsed as and byte ptr [r14 + rdx], 0b1111111111000 # instrumentation)
traces_match *************** True

INFO: [fuzzer] Starting at 15:53:33
5     ( 1%)| Stats: Cls:0/0,In:100,R:28,SF:0,OF:5,Fst:0,CN:0,CT:0,P1:0,CS:0,P2:0,V:0WARNING: [generator]Error appeared while assembling the test case:
 Assembler messages:
  Line 9: Warning: 0x0000000000001ff8 shortened to 0x00000000000000f8
    (the line was parsed as and byte ptr [r14 + rdx], 0b1111111111000 # instrumentation)
WARNING: [generator]Error appeared while assembling the test case:
 Assembler messages:
  Line 13: Warning: 0x0000000000001ff8 shortened to 0x00000000000000f8
    (the line was parsed as and byte ptr [r14 + rdx], 0b1111111111000 # instrumentation)

================================ Statistics ===================================

Test Cases: 6
Inputs per test case: 100.0
Violations: 0
Effectiveness: 
  Total Cls: 0.0
  Effective Cls: 0.0
Discarded Test Cases:
  Speculation Filter: 0
  Observation Filter: 6
  Fast Path: 0
  Max Nesting Check: 0
  Tainting Check: 0
  Early Priming Check: 0
  Large Sample Check: 0
  Priming Check: 0

Duration: 0.2
Finished at 15:53:33
misspec: False, reward: -30
observable: True, reward: 20
step penalty, reward: 19
reward: 19
#=======================================================#
NUMBER OF STEPS: 7
WARNING: [generator]Error appeared while assembling the test case:
 Assembler messages:
  Line 9: Warning: 0x0000000000001ff8 shortened to 0x00000000000000f8
    (the line was parsed as and byte ptr [r14 + rdx], 0b1111111111000 # instrumentation)
True
adding step mul [r14 + rax]
NUMBER OF SUCCESSFUL STEPS: 7

#=======================================================#
program: 

iteration 1 observations: 
WARNING: [generator]Error appeared while assembling the test case:
 Assembler messages:
  Line 9: Warning: 0x0000000000001ff8 shortened to 0x00000000000000f8
    (the line was parsed as and byte ptr [r14 + rdx], 0b1111111111000 # instrumentation)

iteration 2 observations: 

INFO: [prog_gen] Setting program_generator_seed to random value: 146225

WARNING: [executor] SMT is on! You may experience false positives.
total instructions in program:  8
all instructions:  ['.macro.measurement_start: nop qword ptr [rax + 0xff]', 'dec di ', 'and rdx, 0b1111111111000 # instrumentation', 'or word ptr [r14 + rdx], 0b1000 # instrumentation', 'and byte ptr [r14 + rdx], 0b1111111111000 # instrumentation', 'and rbx, 0b1111111111000 # instrumentation', 'and rax, 0b1111111111000 # instrumentation', 'mul dword ptr [r14 + rax] ']
WARNING: [generator]Error appeared while assembling the test case:
 Assembler messages:
  Line 9: Warning: 0x0000000000001ff8 shortened to 0x00000000000000f8
    (the line was parsed as and byte ptr [r14 + rdx], 0b1111111111000 # instrumentation)
WARNING: [generator]Error appeared while assembling the test case:
 Assembler messages:
  Line 13: Warning: 0x0000000000001ff8 shortened to 0x00000000000000f8
    (the line was parsed as and byte ptr [r14 + rdx], 0b1111111111000 # instrumentation)
traces_match *************** True

INFO: [fuzzer] Starting at 15:53:35
6     ( 1%)| Stats: Cls:0/0,In:100,R:28,SF:0,OF:6,Fst:0,CN:0,CT:0,P1:0,CS:0,P2:0,V:0WARNING: [generator]Error appeared while assembling the test case:
 Assembler messages:
  Line 9: Warning: 0x0000000000001ff8 shortened to 0x00000000000000f8
    (the line was parsed as and byte ptr [r14 + rdx], 0b1111111111000 # instrumentation)
WARNING: [generator]Error appeared while assembling the test case:
 Assembler messages:
  Line 13: Warning: 0x0000000000001ff8 shortened to 0x00000000000000f8
    (the line was parsed as and byte ptr [r14 + rdx], 0b1111111111000 # instrumentation)
run the fuzzing round
--------------------------------

--------------------------------

--------------------------------

--------------------------------

--------------------------------

--------------------------------

--------------------------------

--------------------------------

--------------------------------

--------------------------------

--------------------------------

--------------------------------

--------------------------------

--------------------------------

--------------------------------

--------------------------------

--------------------------------

--------------------------------

--------------------------------

--------------------------------

--------------------------------

--------------------------------

--------------------------------

--------------------------------

--------------------------------

--------------------------------

--------------------------------

--------------------------------

--------------------------------

--------------------------------

--------------------------------

--------------------------------

--------------------------------

--------------------------------

--------------------------------

--------------------------------

--------------------------------

--------------------------------

--------------------------------

--------------------------------

--------------------------------

--------------------------------

--------------------------------

--------------------------------

--------------------------------

--------------------------------

--------------------------------

--------------------------------

--------------------------------

--------------------------------


================================ Statistics ===================================

Test Cases: 7
Inputs per test case: 100.0
Violations: 0
Effectiveness: 
  Total Cls: 50.0
  Effective Cls: 50.0
Discarded Test Cases:
  Speculation Filter: 0
  Observation Filter: 6
  Fast Path: 1
  Max Nesting Check: 0
  Tainting Check: 0
  Early Priming Check: 0
  Large Sample Check: 0
  Priming Check: 0

Duration: 0.8
Finished at 15:53:36
misspec: False, reward: -30
observable: True, reward: 20
step penalty, reward: 19
reward: 19
#=======================================================#
NUMBER OF STEPS: 8
WARNING: [generator]Error appeared while assembling the test case:
 Assembler messages:
  Line 9: Warning: 0x0000000000001ff8 shortened to 0x00000000000000f8
    (the line was parsed as and byte ptr [r14 + rdx], 0b1111111111000 # instrumentation)
True
adding step and rdi, 0b1111111111111
NUMBER OF SUCCESSFUL STEPS: 8

#=======================================================#
program: 

iteration 1 observations: 
WARNING: [generator]Error appeared while assembling the test case:
 Assembler messages:
  Line 9: Warning: 0x0000000000001ff8 shortened to 0x00000000000000f8
    (the line was parsed as and byte ptr [r14 + rdx], 0b1111111111000 # instrumentation)

iteration 2 observations: 

INFO: [prog_gen] Setting program_generator_seed to random value: 56829

WARNING: [executor] SMT is on! You may experience false positives.
total instructions in program:  9
all instructions:  ['.macro.measurement_start: nop qword ptr [rax + 0xff]', 'dec di ', 'and rdx, 0b1111111111000 # instrumentation', 'or word ptr [r14 + rdx], 0b1000 # instrumentation', 'and byte ptr [r14 + rdx], 0b1111111111000 # instrumentation', 'and rbx, 0b1111111111000 # instrumentation', 'and rax, 0b1111111111000 # instrumentation', 'mul dword ptr [r14 + rax] ', 'and rdi, 0b1111111111111 # instrumentation']
WARNING: [generator]Error appeared while assembling the test case:
 Assembler messages:
  Line 9: Warning: 0x0000000000001ff8 shortened to 0x00000000000000f8
    (the line was parsed as and byte ptr [r14 + rdx], 0b1111111111000 # instrumentation)
WARNING: [generator]Error appeared while assembling the test case:
 Assembler messages:
  Line 13: Warning: 0x0000000000001ff8 shortened to 0x00000000000000f8
    (the line was parsed as and byte ptr [r14 + rdx], 0b1111111111000 # instrumentation)
traces_match *************** True

INFO: [fuzzer] Starting at 15:53:38
7     ( 1%)| Stats: Cls:50/50,In:100,R:29,SF:0,OF:6,Fst:1,CN:0,CT:0,P1:0,CS:0,P2:0,V:0WARNING: [generator]Error appeared while assembling the test case:
 Assembler messages:
  Line 9: Warning: 0x0000000000001ff8 shortened to 0x00000000000000f8
    (the line was parsed as and byte ptr [r14 + rdx], 0b1111111111000 # instrumentation)
WARNING: [generator]Error appeared while assembling the test case:
 Assembler messages:
  Line 13: Warning: 0x0000000000001ff8 shortened to 0x00000000000000f8
    (the line was parsed as and byte ptr [r14 + rdx], 0b1111111111000 # instrumentation)

================================ Statistics ===================================

Test Cases: 8
Inputs per test case: 100.0
Violations: 0
Effectiveness: 
  Total Cls: 50.0
  Effective Cls: 50.0
Discarded Test Cases:
  Speculation Filter: 0
  Observation Filter: 7
  Fast Path: 1
  Max Nesting Check: 0
  Tainting Check: 0
  Early Priming Check: 0
  Large Sample Check: 0
  Priming Check: 0

Duration: 0.2
Finished at 15:53:38
misspec: False, reward: -30
observable: True, reward: 20
step penalty, reward: 19
reward: 19
#=======================================================#
NUMBER OF STEPS: 9
WARNING: [generator]Error appeared while assembling the test case:
 Assembler messages:
  Line 9: Warning: 0x0000000000001ff8 shortened to 0x00000000000000f8
    (the line was parsed as and byte ptr [r14 + rdx], 0b1111111111000 # instrumentation)
True
adding step mul [r14 + rdi]
NUMBER OF SUCCESSFUL STEPS: 9

#=======================================================#
program: 

iteration 1 observations: 
WARNING: [generator]Error appeared while assembling the test case:
 Assembler messages:
  Line 9: Warning: 0x0000000000001ff8 shortened to 0x00000000000000f8
    (the line was parsed as and byte ptr [r14 + rdx], 0b1111111111000 # instrumentation)

iteration 2 observations: 
WARNING: [generator]Error appeared while assembling the test case:
 Assembler messages:
  Line 9: Warning: 0x0000000000001ff8 shortened to 0x00000000000000f8
    (the line was parsed as and byte ptr [r14 + rdx], 0b1111111111000 # instrumentation)

iteration 3 observations: 

INFO: [prog_gen] Setting program_generator_seed to random value: 630173

WARNING: [executor] SMT is on! You may experience false positives.
total instructions in program:  10
all instructions:  ['.macro.measurement_start: nop qword ptr [rax + 0xff]', 'dec di ', 'and rdx, 0b1111111111000 # instrumentation', 'or word ptr [r14 + rdx], 0b1000 # instrumentation', 'and byte ptr [r14 + rdx], 0b1111111111000 # instrumentation', 'and rbx, 0b1111111111000 # instrumentation', 'and rax, 0b1111111111000 # instrumentation', 'mul dword ptr [r14 + rax] ', 'and rdi, 0b1111111111111 # instrumentation', 'mul dword ptr [r14 + rdi] ']
WARNING: [generator]Error appeared while assembling the test case:
 Assembler messages:
  Line 9: Warning: 0x0000000000001ff8 shortened to 0x00000000000000f8
    (the line was parsed as and byte ptr [r14 + rdx], 0b1111111111000 # instrumentation)
WARNING: [generator]Error appeared while assembling the test case:
 Assembler messages:
  Line 13: Warning: 0x0000000000001ff8 shortened to 0x00000000000000f8
    (the line was parsed as and byte ptr [r14 + rdx], 0b1111111111000 # instrumentation)
traces_match *************** True

INFO: [fuzzer] Starting at 15:53:40
8     ( 1%)| Stats: Cls:50/50,In:100,R:28,SF:0,OF:7,Fst:1,CN:0,CT:0,P1:0,CS:0,P2:0,V:0WARNING: [generator]Error appeared while assembling the test case:
 Assembler messages:
  Line 9: Warning: 0x0000000000001ff8 shortened to 0x00000000000000f8
    (the line was parsed as and byte ptr [r14 + rdx], 0b1111111111000 # instrumentation)
WARNING: [generator]Error appeared while assembling the test case:
 Assembler messages:
  Line 13: Warning: 0x0000000000001ff8 shortened to 0x00000000000000f8
    (the line was parsed as and byte ptr [r14 + rdx], 0b1111111111000 # instrumentation)
run the fuzzing round
--------------------------------

--------------------------------

--------------------------------

--------------------------------

--------------------------------

--------------------------------

--------------------------------

--------------------------------

--------------------------------

--------------------------------

--------------------------------

--------------------------------

--------------------------------

--------------------------------

--------------------------------

--------------------------------

--------------------------------

--------------------------------

--------------------------------

--------------------------------

--------------------------------

--------------------------------

--------------------------------

--------------------------------

--------------------------------

--------------------------------

--------------------------------

--------------------------------

--------------------------------

--------------------------------

--------------------------------

--------------------------------

--------------------------------

--------------------------------

--------------------------------

--------------------------------

--------------------------------

--------------------------------

--------------------------------

--------------------------------

--------------------------------

--------------------------------

--------------------------------

--------------------------------

--------------------------------

--------------------------------

--------------------------------

--------------------------------

--------------------------------

--------------------------------


================================ Statistics ===================================

Test Cases: 9
Inputs per test case: 100.0
Violations: 0
Effectiveness: 
  Total Cls: 50.0
  Effective Cls: 50.0
Discarded Test Cases:
  Speculation Filter: 0
  Observation Filter: 7
  Fast Path: 2
  Max Nesting Check: 0
  Tainting Check: 0
  Early Priming Check: 0
  Large Sample Check: 0
  Priming Check: 0

Duration: 0.8
Finished at 15:53:41
misspec: False, reward: -30
observable: True, reward: 20
step penalty, reward: 19
reward: 19
#=======================================================#
NUMBER OF STEPS: 10
WARNING: [generator]Error appeared while assembling the test case:
 Assembler messages:
  Line 9: Warning: 0x0000000000001ff8 shortened to 0x00000000000000f8
    (the line was parsed as and byte ptr [r14 + rdx], 0b1111111111000 # instrumentation)
True
adding step add al, -110
NUMBER OF SUCCESSFUL STEPS: 10

#=======================================================#
program: 

iteration 1 observations: 
WARNING: [generator]Error appeared while assembling the test case:
 Assembler messages:
  Line 9: Warning: 0x0000000000001ff8 shortened to 0x00000000000000f8
    (the line was parsed as and byte ptr [r14 + rdx], 0b1111111111000 # instrumentation)

iteration 2 observations: 
WARNING: [generator]Error appeared while assembling the test case:
 Assembler messages:
  Line 9: Warning: 0x0000000000001ff8 shortened to 0x00000000000000f8
    (the line was parsed as and byte ptr [r14 + rdx], 0b1111111111000 # instrumentation)

iteration 3 observations: 
WARNING: [generator]Error appeared while assembling the test case:
 Assembler messages:
  Line 9: Warning: 0x0000000000001ff8 shortened to 0x00000000000000f8
    (the line was parsed as and byte ptr [r14 + rdx], 0b1111111111000 # instrumentation)

iteration 4 observations: 

INFO: [prog_gen] Setting program_generator_seed to random value: 489866

WARNING: [executor] SMT is on! You may experience false positives.
total instructions in program:  11
all instructions:  ['.macro.measurement_start: nop qword ptr [rax + 0xff]', 'dec di ', 'and rdx, 0b1111111111000 # instrumentation', 'or word ptr [r14 + rdx], 0b1000 # instrumentation', 'and byte ptr [r14 + rdx], 0b1111111111000 # instrumentation', 'and rbx, 0b1111111111000 # instrumentation', 'and rax, 0b1111111111000 # instrumentation', 'mul dword ptr [r14 + rax] ', 'and rdi, 0b1111111111111 # instrumentation', 'mul dword ptr [r14 + rdi] ', 'add al, -110 ']
WARNING: [generator]Error appeared while assembling the test case:
 Assembler messages:
  Line 9: Warning: 0x0000000000001ff8 shortened to 0x00000000000000f8
    (the line was parsed as and byte ptr [r14 + rdx], 0b1111111111000 # instrumentation)
WARNING: [generator]Error appeared while assembling the test case:
 Assembler messages:
  Line 13: Warning: 0x0000000000001ff8 shortened to 0x00000000000000f8
    (the line was parsed as and byte ptr [r14 + rdx], 0b1111111111000 # instrumentation)
traces_match *************** True

INFO: [fuzzer] Starting at 15:53:43
9     ( 1%)| Stats: Cls:50/50,In:100,R:29,SF:0,OF:7,Fst:2,CN:0,CT:0,P1:0,CS:0,P2:0,V:0WARNING: [generator]Error appeared while assembling the test case:
 Assembler messages:
  Line 9: Warning: 0x0000000000001ff8 shortened to 0x00000000000000f8
    (the line was parsed as and byte ptr [r14 + rdx], 0b1111111111000 # instrumentation)
WARNING: [generator]Error appeared while assembling the test case:
 Assembler messages:
  Line 13: Warning: 0x0000000000001ff8 shortened to 0x00000000000000f8
    (the line was parsed as and byte ptr [r14 + rdx], 0b1111111111000 # instrumentation)

================================ Statistics ===================================

Test Cases: 10
Inputs per test case: 100.0
Violations: 0
Effectiveness: 
  Total Cls: 50.0
  Effective Cls: 50.0
Discarded Test Cases:
  Speculation Filter: 0
  Observation Filter: 8
  Fast Path: 2
  Max Nesting Check: 0
  Tainting Check: 0
  Early Priming Check: 0
  Large Sample Check: 0
  Priming Check: 0

Duration: 0.3
Finished at 15:53:43
misspec: False, reward: -30
observable: True, reward: 20
step penalty, reward: 19
reward: 19
#=======================================================#
NUMBER OF STEPS: 11
WARNING: [generator]Error appeared while assembling the test case:
 Assembler messages:
  Line 9: Warning: 0x0000000000001ff8 shortened to 0x00000000000000f8
    (the line was parsed as and byte ptr [r14 + rdx], 0b1111111111000 # instrumentation)
True
adding step jbe .bb_0.1
NUMBER OF SUCCESSFUL STEPS: 11

#=======================================================#
program: 

iteration 1 observations: 
WARNING: [generator]Error appeared while assembling the test case:
 Assembler messages:
  Line 9: Warning: 0x0000000000001ff8 shortened to 0x00000000000000f8
    (the line was parsed as and byte ptr [r14 + rdx], 0b1111111111000 # instrumentation)

iteration 2 observations: 
WARNING: [generator]Error appeared while assembling the test case:
 Assembler messages:
  Line 9: Warning: 0x0000000000001ff8 shortened to 0x00000000000000f8
    (the line was parsed as and byte ptr [r14 + rdx], 0b1111111111000 # instrumentation)

iteration 3 observations: 
WARNING: [generator]Error appeared while assembling the test case:
 Assembler messages:
  Line 9: Warning: 0x0000000000001ff8 shortened to 0x00000000000000f8
    (the line was parsed as and byte ptr [r14 + rdx], 0b1111111111000 # instrumentation)

iteration 4 observations: 
WARNING: [generator]Error appeared while assembling the test case:
 Assembler messages:
  Line 9: Warning: 0x0000000000001ff8 shortened to 0x00000000000000f8
    (the line was parsed as and byte ptr [r14 + rdx], 0b1111111111000 # instrumentation)

iteration 5 observations: 

INFO: [prog_gen] Setting program_generator_seed to random value: 853734

WARNING: [executor] SMT is on! You may experience false positives.
total instructions in program:  12
all instructions:  ['.macro.measurement_start: nop qword ptr [rax + 0xff]', 'dec di ', 'and rdx, 0b1111111111000 # instrumentation', 'or word ptr [r14 + rdx], 0b1000 # instrumentation', 'and byte ptr [r14 + rdx], 0b1111111111000 # instrumentation', 'and rbx, 0b1111111111000 # instrumentation', 'and rax, 0b1111111111000 # instrumentation', 'mul dword ptr [r14 + rax] ', 'and rdi, 0b1111111111111 # instrumentation', 'mul dword ptr [r14 + rdi] ', 'add al, -110 ', 'jbe .bb_0.1 ']
WARNING: [generator]Error appeared while assembling the test case:
 Assembler messages:
  Line 9: Warning: 0x0000000000001ff8 shortened to 0x00000000000000f8
    (the line was parsed as and byte ptr [r14 + rdx], 0b1111111111000 # instrumentation)
WARNING: [generator]Error appeared while assembling the test case:
 Assembler messages:
  Line 13: Warning: 0x0000000000001ff8 shortened to 0x00000000000000f8
    (the line was parsed as and byte ptr [r14 + rdx], 0b1111111111000 # instrumentation)
traces_match *************** True

INFO: [fuzzer] Starting at 15:53:46
10    ( 1%)| Stats: Cls:50/50,In:100,R:29,SF:0,OF:8,Fst:2,CN:0,CT:0,P1:0,CS:0,P2:0,V:0WARNING: [generator]Error appeared while assembling the test case:
 Assembler messages:
  Line 9: Warning: 0x0000000000001ff8 shortened to 0x00000000000000f8
    (the line was parsed as and byte ptr [r14 + rdx], 0b1111111111000 # instrumentation)
WARNING: [generator]Error appeared while assembling the test case:
 Assembler messages:
  Line 13: Warning: 0x0000000000001ff8 shortened to 0x00000000000000f8
    (the line was parsed as and byte ptr [r14 + rdx], 0b1111111111000 # instrumentation)

================================ Statistics ===================================

Test Cases: 11
Inputs per test case: 100.0
Violations: 0
Effectiveness: 
  Total Cls: 50.0
  Effective Cls: 50.0
Discarded Test Cases:
  Speculation Filter: 0
  Observation Filter: 9
  Fast Path: 2
  Max Nesting Check: 0
  Tainting Check: 0
  Early Priming Check: 0
  Large Sample Check: 0
  Priming Check: 0

Duration: 0.3
Finished at 15:53:46
misspec: False, reward: -30
observable: True, reward: 20
step penalty, reward: 19
reward: 19
#=======================================================#
NUMBER OF STEPS: 12
WARNING: [generator]Error appeared while assembling the test case:
 Assembler messages:
  Line 9: Warning: 0x0000000000001ff8 shortened to 0x00000000000000f8
    (the line was parsed as and byte ptr [r14 + rdx], 0b1111111111000 # instrumentation)
True
adding step jmp .exit_0
NUMBER OF SUCCESSFUL STEPS: 12

#=======================================================#
program: 

iteration 1 observations: 
WARNING: [generator]Error appeared while assembling the test case:
 Assembler messages:
  Line 9: Warning: 0x0000000000001ff8 shortened to 0x00000000000000f8
    (the line was parsed as and byte ptr [r14 + rdx], 0b1111111111000 # instrumentation)

iteration 2 observations: 
WARNING: [generator]Error appeared while assembling the test case:
 Assembler messages:
  Line 9: Warning: 0x0000000000001ff8 shortened to 0x00000000000000f8
    (the line was parsed as and byte ptr [r14 + rdx], 0b1111111111000 # instrumentation)

iteration 3 observations: 
WARNING: [generator]Error appeared while assembling the test case:
 Assembler messages:
  Line 9: Warning: 0x0000000000001ff8 shortened to 0x00000000000000f8
    (the line was parsed as and byte ptr [r14 + rdx], 0b1111111111000 # instrumentation)

iteration 4 observations: 
WARNING: [generator]Error appeared while assembling the test case:
 Assembler messages:
  Line 9: Warning: 0x0000000000001ff8 shortened to 0x00000000000000f8
    (the line was parsed as and byte ptr [r14 + rdx], 0b1111111111000 # instrumentation)

iteration 5 observations: 
WARNING: [generator]Error appeared while assembling the test case:
 Assembler messages:
  Line 9: Warning: 0x0000000000001ff8 shortened to 0x00000000000000f8
    (the line was parsed as and byte ptr [r14 + rdx], 0b1111111111000 # instrumentation)

iteration 6 observations: 

INFO: [prog_gen] Setting program_generator_seed to random value: 786412

WARNING: [executor] SMT is on! You may experience false positives.
total instructions in program:  13
all instructions:  ['.macro.measurement_start: nop qword ptr [rax + 0xff]', 'dec di ', 'and rdx, 0b1111111111000 # instrumentation', 'or word ptr [r14 + rdx], 0b1000 # instrumentation', 'and byte ptr [r14 + rdx], 0b1111111111000 # instrumentation', 'and rbx, 0b1111111111000 # instrumentation', 'and rax, 0b1111111111000 # instrumentation', 'mul dword ptr [r14 + rax] ', 'and rdi, 0b1111111111111 # instrumentation', 'mul dword ptr [r14 + rdi] ', 'add al, -110 ', 'jbe .bb_0.1 ', 'jmp .exit_0 ']
WARNING: [generator]Error appeared while assembling the test case:
 Assembler messages:
  Line 9: Warning: 0x0000000000001ff8 shortened to 0x00000000000000f8
    (the line was parsed as and byte ptr [r14 + rdx], 0b1111111111000 # instrumentation)
WARNING: [generator]Error appeared while assembling the test case:
 Assembler messages:
  Line 13: Warning: 0x0000000000001ff8 shortened to 0x00000000000000f8
    (the line was parsed as and byte ptr [r14 + rdx], 0b1111111111000 # instrumentation)
traces_match *************** True

INFO: [fuzzer] Starting at 15:53:49
11    ( 1%)| Stats: Cls:50/50,In:100,R:29,SF:0,OF:9,Fst:2,CN:0,CT:0,P1:0,CS:0,P2:0,V:0WARNING: [generator]Error appeared while assembling the test case:
 Assembler messages:
  Line 9: Warning: 0x0000000000001ff8 shortened to 0x00000000000000f8
    (the line was parsed as and byte ptr [r14 + rdx], 0b1111111111000 # instrumentation)
WARNING: [generator]Error appeared while assembling the test case:
 Assembler messages:
  Line 13: Warning: 0x0000000000001ff8 shortened to 0x00000000000000f8
    (the line was parsed as and byte ptr [r14 + rdx], 0b1111111111000 # instrumentation)

================================ Statistics ===================================

Test Cases: 12
Inputs per test case: 100.0
Violations: 0
Effectiveness: 
  Total Cls: 50.0
  Effective Cls: 50.0
Discarded Test Cases:
  Speculation Filter: 0
  Observation Filter: 10
  Fast Path: 2
  Max Nesting Check: 0
  Tainting Check: 0
  Early Priming Check: 0
  Large Sample Check: 0
  Priming Check: 0

Duration: 0.3
Finished at 15:53:49
misspec: False, reward: -30
observable: True, reward: 20
step penalty, reward: 19
reward: 19
#=======================================================#
NUMBER OF STEPS: 13
WARNING: [generator]Error appeared while assembling the test case:
 Assembler messages:
  Line 9: Warning: 0x0000000000001ff8 shortened to 0x00000000000000f8
    (the line was parsed as and byte ptr [r14 + rdx], 0b1111111111000 # instrumentation)
True
adding step and rbx, 0b1111111111000
NUMBER OF SUCCESSFUL STEPS: 13

#=======================================================#
program: 

iteration 1 observations: 
WARNING: [generator]Error appeared while assembling the test case:
 Assembler messages:
  Line 9: Warning: 0x0000000000001ff8 shortened to 0x00000000000000f8
    (the line was parsed as and byte ptr [r14 + rdx], 0b1111111111000 # instrumentation)

iteration 2 observations: 
WARNING: [generator]Error appeared while assembling the test case:
 Assembler messages:
  Line 9: Warning: 0x0000000000001ff8 shortened to 0x00000000000000f8
    (the line was parsed as and byte ptr [r14 + rdx], 0b1111111111000 # instrumentation)

iteration 3 observations: 
WARNING: [generator]Error appeared while assembling the test case:
 Assembler messages:
  Line 9: Warning: 0x0000000000001ff8 shortened to 0x00000000000000f8
    (the line was parsed as and byte ptr [r14 + rdx], 0b1111111111000 # instrumentation)

iteration 4 observations: 
WARNING: [generator]Error appeared while assembling the test case:
 Assembler messages:
  Line 9: Warning: 0x0000000000001ff8 shortened to 0x00000000000000f8
    (the line was parsed as and byte ptr [r14 + rdx], 0b1111111111000 # instrumentation)

iteration 5 observations: 
WARNING: [generator]Error appeared while assembling the test case:
 Assembler messages:
  Line 9: Warning: 0x0000000000001ff8 shortened to 0x00000000000000f8
    (the line was parsed as and byte ptr [r14 + rdx], 0b1111111111000 # instrumentation)

iteration 6 observations: 

INFO: [prog_gen] Setting program_generator_seed to random value: 636467

WARNING: [executor] SMT is on! You may experience false positives.
total instructions in program:  14
all instructions:  ['.macro.measurement_start: nop qword ptr [rax + 0xff]', 'dec di ', 'and rdx, 0b1111111111000 # instrumentation', 'or word ptr [r14 + rdx], 0b1000 # instrumentation', 'and byte ptr [r14 + rdx], 0b1111111111000 # instrumentation', 'and rbx, 0b1111111111000 # instrumentation', 'and rax, 0b1111111111000 # instrumentation', 'mul dword ptr [r14 + rax] ', 'and rdi, 0b1111111111111 # instrumentation', 'mul dword ptr [r14 + rdi] ', 'add al, -110 ', 'jbe .bb_0.1 ', 'jmp .exit_0 ', 'and rbx, 0b1111111111000 # instrumentation']
WARNING: [generator]Error appeared while assembling the test case:
 Assembler messages:
  Line 9: Warning: 0x0000000000001ff8 shortened to 0x00000000000000f8
    (the line was parsed as and byte ptr [r14 + rdx], 0b1111111111000 # instrumentation)
WARNING: [generator]Error appeared while assembling the test case:
 Assembler messages:
  Line 13: Warning: 0x0000000000001ff8 shortened to 0x00000000000000f8
    (the line was parsed as and byte ptr [r14 + rdx], 0b1111111111000 # instrumentation)
traces_match *************** True

INFO: [fuzzer] Starting at 15:53:52
12    ( 1%)| Stats: Cls:50/50,In:100,R:29,SF:0,OF:10,Fst:2,CN:0,CT:0,P1:0,CS:0,P2:0,V:0WARNING: [generator]Error appeared while assembling the test case:
 Assembler messages:
  Line 9: Warning: 0x0000000000001ff8 shortened to 0x00000000000000f8
    (the line was parsed as and byte ptr [r14 + rdx], 0b1111111111000 # instrumentation)
WARNING: [generator]Error appeared while assembling the test case:
 Assembler messages:
  Line 13: Warning: 0x0000000000001ff8 shortened to 0x00000000000000f8
    (the line was parsed as and byte ptr [r14 + rdx], 0b1111111111000 # instrumentation)

================================ Statistics ===================================

Test Cases: 13
Inputs per test case: 100.0
Violations: 0
Effectiveness: 
  Total Cls: 50.0
  Effective Cls: 50.0
Discarded Test Cases:
  Speculation Filter: 0
  Observation Filter: 11
  Fast Path: 2
  Max Nesting Check: 0
  Tainting Check: 0
  Early Priming Check: 0
  Large Sample Check: 0
  Priming Check: 0

Duration: 0.3
Finished at 15:53:52
misspec: False, reward: -30
observable: True, reward: 20
step penalty, reward: 19
reward: 19
#=======================================================#
NUMBER OF STEPS: 14
WARNING: [generator]Error appeared while assembling the test case:
 Assembler messages:
  Line 9: Warning: 0x0000000000001ff8 shortened to 0x00000000000000f8
    (the line was parsed as and byte ptr [r14 + rdx], 0b1111111111000 # instrumentation)
True
adding step mov [r14 + rbx], 1
NUMBER OF SUCCESSFUL STEPS: 14

#=======================================================#
program: 

iteration 1 observations: 
WARNING: [generator]Error appeared while assembling the test case:
 Assembler messages:
  Line 9: Warning: 0x0000000000001ff8 shortened to 0x00000000000000f8
    (the line was parsed as and byte ptr [r14 + rdx], 0b1111111111000 # instrumentation)

iteration 2 observations: 
WARNING: [generator]Error appeared while assembling the test case:
 Assembler messages:
  Line 9: Warning: 0x0000000000001ff8 shortened to 0x00000000000000f8
    (the line was parsed as and byte ptr [r14 + rdx], 0b1111111111000 # instrumentation)

iteration 3 observations: 
WARNING: [generator]Error appeared while assembling the test case:
 Assembler messages:
  Line 9: Warning: 0x0000000000001ff8 shortened to 0x00000000000000f8
    (the line was parsed as and byte ptr [r14 + rdx], 0b1111111111000 # instrumentation)

iteration 4 observations: 
WARNING: [generator]Error appeared while assembling the test case:
 Assembler messages:
  Line 9: Warning: 0x0000000000001ff8 shortened to 0x00000000000000f8
    (the line was parsed as and byte ptr [r14 + rdx], 0b1111111111000 # instrumentation)

iteration 5 observations: 
WARNING: [generator]Error appeared while assembling the test case:
 Assembler messages:
  Line 9: Warning: 0x0000000000001ff8 shortened to 0x00000000000000f8
    (the line was parsed as and byte ptr [r14 + rdx], 0b1111111111000 # instrumentation)

iteration 6 observations: 
WARNING: [generator]Error appeared while assembling the test case:
 Assembler messages:
  Line 9: Warning: 0x0000000000001ff8 shortened to 0x00000000000000f8
    (the line was parsed as and byte ptr [r14 + rdx], 0b1111111111000 # instrumentation)

iteration 7 observations: 

INFO: [prog_gen] Setting program_generator_seed to random value: 728672

WARNING: [executor] SMT is on! You may experience false positives.
total instructions in program:  15
all instructions:  ['.macro.measurement_start: nop qword ptr [rax + 0xff]', 'dec di ', 'and rdx, 0b1111111111000 # instrumentation', 'or word ptr [r14 + rdx], 0b1000 # instrumentation', 'and byte ptr [r14 + rdx], 0b1111111111000 # instrumentation', 'and rbx, 0b1111111111000 # instrumentation', 'and rax, 0b1111111111000 # instrumentation', 'mul dword ptr [r14 + rax] ', 'and rdi, 0b1111111111111 # instrumentation', 'mul dword ptr [r14 + rdi] ', 'add al, -110 ', 'jbe .bb_0.1 ', 'jmp .exit_0 ', 'and rbx, 0b1111111111000 # instrumentation', 'mov qword ptr [r14 + rbx], 1 ']
WARNING: [generator]Error appeared while assembling the test case:
 Assembler messages:
  Line 9: Warning: 0x0000000000001ff8 shortened to 0x00000000000000f8
    (the line was parsed as and byte ptr [r14 + rdx], 0b1111111111000 # instrumentation)
WARNING: [generator]Error appeared while assembling the test case:
 Assembler messages:
  Line 13: Warning: 0x0000000000001ff8 shortened to 0x00000000000000f8
    (the line was parsed as and byte ptr [r14 + rdx], 0b1111111111000 # instrumentation)
traces_match *************** False

INFO: [fuzzer] Starting at 15:53:55
13    ( 1%)| Stats: Cls:50/50,In:100,R:29,SF:0,OF:11,Fst:2,CN:0,CT:0,P1:0,CS:0,P2:0,V:0WARNING: [generator]Error appeared while assembling the test case:
 Assembler messages:
  Line 9: Warning: 0x0000000000001ff8 shortened to 0x00000000000000f8
    (the line was parsed as and byte ptr [r14 + rdx], 0b1111111111000 # instrumentation)
WARNING: [generator]Error appeared while assembling the test case:
 Assembler messages:
  Line 13: Warning: 0x0000000000001ff8 shortened to 0x00000000000000f8
    (the line was parsed as and byte ptr [r14 + rdx], 0b1111111111000 # instrumentation)

================================ Statistics ===================================

Test Cases: 14
Inputs per test case: 100.0
Violations: 0
Effectiveness: 
  Total Cls: 50.0
  Effective Cls: 50.0
Discarded Test Cases:
  Speculation Filter: 0
  Observation Filter: 12
  Fast Path: 2
  Max Nesting Check: 0
  Tainting Check: 0
  Early Priming Check: 0
  Large Sample Check: 0
  Priming Check: 0

Duration: 0.3
Finished at 15:53:55
misspec: False, reward: -30
observable: True, reward: 20
step penalty, reward: 19
reward: 19
#=======================================================#
